2025-03-18 17:40:46 INFO  TC002_LoginTest:17 - **** Starting TC_002_LoginTest  ****
2025-03-18 17:40:48 INFO  TC002_LoginTest:24 - clicked on myaccount link on the home page..
2025-03-18 17:40:48 INFO  TC002_LoginTest:26 - clicked on login link under myaccount..
2025-03-18 17:40:48 INFO  TC002_LoginTest:30 - Entering valid email and password..
2025-03-18 17:40:49 INFO  TC002_LoginTest:34 - clicked on ligin button..
2025-03-18 17:40:49 INFO  TC002_LoginTest:48 - **** Finished TC_002_LoginTest  ****
2025-03-18 17:42:22 INFO  Utils:112 - [TestNG] Running:
  C:\Users\viswa\eclipse-workspace1\OpencartV121\master.xml

2025-03-18 17:42:26 INFO  TC001_AccountRegistrationTest:15 - ***** Starting TC001_AccountRegistrationTest  ****
2025-03-18 17:42:27 INFO  TC001_AccountRegistrationTest:21 - Clicked on MyAccount Link.. 
2025-03-18 17:42:27 INFO  TC001_AccountRegistrationTest:24 - Clicked on Register Link.. 
2025-03-18 17:42:27 INFO  TC001_AccountRegistrationTest:28 - Providing customer details...
2025-03-18 17:42:31 INFO  TC001_AccountRegistrationTest:43 - Validating expected message..
2025-03-18 17:42:31 INFO  TC001_AccountRegistrationTest:48 - Test passed
2025-03-18 17:42:31 INFO  TC001_AccountRegistrationTest:57 - ***** Finished TC001_AccountRegistrationTest *****
2025-03-18 17:42:34 INFO  TC002_LoginTest:17 - **** Starting TC_002_LoginTest  ****
2025-03-18 17:42:34 INFO  TC002_LoginTest:24 - clicked on myaccount link on the home page..
2025-03-18 17:42:35 INFO  TC002_LoginTest:26 - clicked on login link under myaccount..
2025-03-18 17:42:35 INFO  TC002_LoginTest:30 - Entering valid email and password..
2025-03-18 17:42:35 INFO  TC002_LoginTest:34 - clicked on ligin button..
2025-03-18 17:42:36 INFO  TC002_LoginTest:48 - **** Finished TC_002_LoginTest  ****
