2025-03-21 13:41:45 INFO  TC001_AccountRegistrationTest:57 - ***** Finished TC001_AccountRegistrationTest *****
2025-03-21 13:41:49 INFO  TC002_LoginTest:17 - **** Starting TC_002_LoginTest  ****
2025-03-21 13:41:49 INFO  TC002_LoginTest:24 - clicked on myaccount link on the home page..
2025-03-21 13:41:50 INFO  TC002_LoginTest:26 - clicked on login link under myaccount..
2025-03-21 13:41:50 INFO  TC002_LoginTest:30 - Entering valid email and password..
2025-03-21 13:41:52 INFO  TC002_LoginTest:34 - clicked on ligin button..
2025-03-21 13:41:52 INFO  TC002_LoginTest:48 - **** Finished TC_002_LoginTest  ****
2025-03-21 15:23:22 INFO  TC001_AccountRegistrationTest:15 - ***** Starting TC001_AccountRegistrationTest  ****
2025-03-21 15:23:23 INFO  TC001_AccountRegistrationTest:21 - Clicked on MyAccount Link.. 
2025-03-21 15:23:24 INFO  TC001_AccountRegistrationTest:24 - Clicked on Register Link.. 
2025-03-21 15:23:24 INFO  TC001_AccountRegistrationTest:28 - Providing customer details...
2025-03-21 15:23:27 INFO  TC001_AccountRegistrationTest:43 - Validating expected message..
2025-03-21 15:23:27 INFO  TC001_AccountRegistrationTest:48 - Test passed
2025-03-21 15:23:27 INFO  TC001_AccountRegistrationTest:57 - ***** Finished TC001_AccountRegistrationTest *****
2025-03-21 15:23:32 INFO  TC002_LoginTest:17 - **** Starting TC_002_LoginTest  ****
2025-03-21 15:23:32 INFO  TC002_LoginTest:24 - clicked on myaccount link on the home page..
2025-03-21 15:23:33 INFO  TC002_LoginTest:26 - clicked on login link under myaccount..
2025-03-21 15:23:33 INFO  TC002_LoginTest:30 - Entering valid email and password..
2025-03-21 15:23:33 INFO  TC002_LoginTest:34 - clicked on ligin button..
2025-03-21 15:23:34 INFO  TC002_LoginTest:48 - **** Finished TC_002_LoginTest  ****
