2025-03-18 17:03:52 INFO  TC001_AccountRegistrationTest:48 - Test passed
2025-03-18 17:03:52 INFO  TC001_AccountRegistrationTest:57 - ***** Finished TC001_AccountRegistrationTest *****
2025-03-18 17:03:57 INFO  TC002_LoginTest:17 - **** Starting TC_002_LoginTest  ****
2025-03-18 17:03:58 INFO  TC002_LoginTest:24 - clicked on myaccount link on the home page..
2025-03-18 17:03:58 INFO  TC002_LoginTest:26 - clicked on login link under myaccount..
2025-03-18 17:03:58 INFO  TC002_LoginTest:30 - Entering valid email and password..
2025-03-18 17:03:59 INFO  TC002_LoginTest:34 - clicked on ligin button..
2025-03-18 17:07:28 INFO  Utils:112 - [TestNG] Running:
  C:\Users\viswa\eclipse-workspace1\OpencartV121\master.xml

2025-03-18 17:07:32 INFO  TC001_AccountRegistrationTest:15 - ***** Starting TC001_AccountRegistrationTest  ****
2025-03-18 17:07:33 INFO  TC001_AccountRegistrationTest:21 - Clicked on MyAccount Link.. 
2025-03-18 17:07:34 INFO  TC001_AccountRegistrationTest:24 - Clicked on Register Link.. 
2025-03-18 17:07:34 INFO  TC001_AccountRegistrationTest:28 - Providing customer details...
2025-03-18 17:07:37 INFO  TC001_AccountRegistrationTest:43 - Validating expected message..
2025-03-18 17:07:37 INFO  TC001_AccountRegistrationTest:48 - Test passed
2025-03-18 17:07:37 INFO  TC001_AccountRegistrationTest:57 - ***** Finished TC001_AccountRegistrationTest *****
2025-03-18 17:07:44 INFO  TC002_LoginTest:17 - **** Starting TC_002_LoginTest  ****
2025-03-18 17:07:46 INFO  TC002_LoginTest:24 - clicked on myaccount link on the home page..
2025-03-18 17:07:47 INFO  TC002_LoginTest:26 - clicked on login link under myaccount..
2025-03-18 17:07:47 INFO  TC002_LoginTest:30 - Entering valid email and password..
2025-03-18 17:07:47 INFO  TC002_LoginTest:34 - clicked on ligin button..
2025-03-18 17:09:44 INFO  Utils:112 - [TestNG] Running:
  C:\Users\viswa\eclipse-workspace1\OpencartV121\master.xml

2025-03-18 17:09:48 INFO  TC001_AccountRegistrationTest:15 - ***** Starting TC001_AccountRegistrationTest  ****
2025-03-18 17:09:49 INFO  TC001_AccountRegistrationTest:21 - Clicked on MyAccount Link.. 
2025-03-18 17:09:50 INFO  TC001_AccountRegistrationTest:24 - Clicked on Register Link.. 
2025-03-18 17:09:50 INFO  TC001_AccountRegistrationTest:28 - Providing customer details...
2025-03-18 17:09:54 INFO  TC001_AccountRegistrationTest:43 - Validating expected message..
2025-03-18 17:09:54 INFO  TC001_AccountRegistrationTest:48 - Test passed
2025-03-18 17:09:54 INFO  TC001_AccountRegistrationTest:57 - ***** Finished TC001_AccountRegistrationTest *****
2025-03-18 17:10:01 INFO  TC002_LoginTest:17 - **** Starting TC_002_LoginTest  ****
2025-03-18 17:10:01 INFO  TC002_LoginTest:24 - clicked on myaccount link on the home page..
2025-03-18 17:10:02 INFO  TC002_LoginTest:26 - clicked on login link under myaccount..
2025-03-18 17:10:02 INFO  TC002_LoginTest:30 - Entering valid email and password..
2025-03-18 17:10:03 INFO  TC002_LoginTest:34 - clicked on ligin button..
2025-03-18 17:11:39 INFO  Utils:112 - [TestNG] Running:
  C:\Users\viswa\eclipse-workspace1\OpencartV121\master.xml

2025-03-18 17:13:30 INFO  Utils:112 - [TestNG] Running:
  C:\Users\viswa\eclipse-workspace1\OpencartV121\master.xml

2025-03-18 17:14:26 INFO  Utils:112 - [TestNG] Running:
  C:\Users\viswa\eclipse-workspace1\OpencartV121\master.xml

2025-03-18 17:14:32 INFO  TC001_AccountRegistrationTest:15 - ***** Starting TC001_AccountRegistrationTest  ****
2025-03-18 17:14:32 INFO  TC001_AccountRegistrationTest:21 - Clicked on MyAccount Link.. 
2025-03-18 17:14:33 INFO  TC001_AccountRegistrationTest:24 - Clicked on Register Link.. 
2025-03-18 17:14:33 INFO  TC001_AccountRegistrationTest:28 - Providing customer details...
2025-03-18 17:14:34 INFO  TC001_AccountRegistrationTest:43 - Validating expected message..
2025-03-18 17:14:36 INFO  TC001_AccountRegistrationTest:48 - Test passed
2025-03-18 17:14:36 INFO  TC001_AccountRegistrationTest:57 - ***** Finished TC001_AccountRegistrationTest *****
2025-03-18 17:14:42 INFO  TC002_LoginTest:17 - **** Starting TC_002_LoginTest  ****
2025-03-18 17:14:42 INFO  TC002_LoginTest:24 - clicked on myaccount link on the home page..
2025-03-18 17:14:43 INFO  TC002_LoginTest:26 - clicked on login link under myaccount..
2025-03-18 17:14:43 INFO  TC002_LoginTest:30 - Entering valid email and password..
2025-03-18 17:14:44 INFO  TC002_LoginTest:34 - clicked on ligin button..
2025-03-18 17:16:23 INFO  Utils:112 - [TestNG] Running:
  C:\Users\viswa\eclipse-workspace1\OpencartV121\master.xml

2025-03-18 17:16:27 INFO  TC002_LoginTest:17 - **** Starting TC_002_LoginTest  ****
2025-03-18 17:16:27 INFO  TC002_LoginTest:24 - clicked on myaccount link on the home page..
2025-03-18 17:16:28 INFO  TC002_LoginTest:26 - clicked on login link under myaccount..
2025-03-18 17:16:28 INFO  TC002_LoginTest:30 - Entering valid email and password..
2025-03-18 17:16:28 INFO  TC002_LoginTest:34 - clicked on ligin button..
