2025-03-18 17:16:29 INFO  TC002_LoginTest:48 - **** Finished TC_002_LoginTest  ****
2025-03-18 17:17:23 INFO  Utils:112 - [TestNG] Running:
  C:\Users\viswa\eclipse-workspace1\OpencartV121\master.xml

2025-03-18 17:17:32 INFO  TC001_AccountRegistrationTest:15 - ***** Starting TC001_AccountRegistrationTest  ****
2025-03-18 17:17:33 INFO  TC001_AccountRegistrationTest:21 - Clicked on MyAccount Link.. 
2025-03-18 17:17:33 INFO  TC001_AccountRegistrationTest:24 - Clicked on Register Link.. 
2025-03-18 17:17:33 INFO  TC001_AccountRegistrationTest:28 - Providing customer details...
2025-03-18 17:17:34 INFO  TC001_AccountRegistrationTest:43 - Validating expected message..
2025-03-18 17:17:37 INFO  TC001_AccountRegistrationTest:48 - Test passed
2025-03-18 17:17:37 INFO  TC001_AccountRegistrationTest:57 - ***** Finished TC001_AccountRegistrationTest *****
2025-03-18 17:17:52 INFO  TC002_LoginTest:17 - **** Starting TC_002_LoginTest  ****
2025-03-18 17:17:52 INFO  TC002_LoginTest:24 - clicked on myaccount link on the home page..
2025-03-18 17:17:53 INFO  TC002_LoginTest:26 - clicked on login link under myaccount..
2025-03-18 17:17:53 INFO  TC002_LoginTest:30 - Entering valid email and password..
2025-03-18 17:17:54 INFO  TC002_LoginTest:34 - clicked on ligin button..
2025-03-18 17:17:55 INFO  TC002_LoginTest:48 - **** Finished TC_002_LoginTest  ****
2025-03-18 17:18:46 INFO  Utils:112 - [TestNG] Running:
  C:\Users\viswa\eclipse-workspace1\OpencartV121\master.xml

2025-03-18 17:18:51 INFO  TC001_AccountRegistrationTest:15 - ***** Starting TC001_AccountRegistrationTest  ****
2025-03-18 17:18:52 INFO  TC001_AccountRegistrationTest:21 - Clicked on MyAccount Link.. 
2025-03-18 17:18:53 INFO  TC001_AccountRegistrationTest:24 - Clicked on Register Link.. 
2025-03-18 17:18:53 INFO  TC001_AccountRegistrationTest:28 - Providing customer details...
2025-03-18 17:18:57 INFO  TC001_AccountRegistrationTest:43 - Validating expected message..
2025-03-18 17:18:57 INFO  TC001_AccountRegistrationTest:48 - Test passed
2025-03-18 17:18:57 INFO  TC001_AccountRegistrationTest:57 - ***** Finished TC001_AccountRegistrationTest *****
2025-03-18 17:19:02 INFO  TC002_LoginTest:17 - **** Starting TC_002_LoginTest  ****
2025-03-18 17:19:03 INFO  TC002_LoginTest:24 - clicked on myaccount link on the home page..
2025-03-18 17:19:03 INFO  TC002_LoginTest:26 - clicked on login link under myaccount..
2025-03-18 17:19:03 INFO  TC002_LoginTest:30 - Entering valid email and password..
2025-03-18 17:19:04 INFO  TC002_LoginTest:34 - clicked on ligin button..
2025-03-18 17:29:29 INFO  Utils:112 - [TestNG] Running:
  C:\Users\viswa\eclipse-workspace1\OpencartV121\master.xml

2025-03-18 17:29:34 INFO  TC001_AccountRegistrationTest:15 - ***** Starting TC001_AccountRegistrationTest  ****
2025-03-18 17:29:34 INFO  TC001_AccountRegistrationTest:21 - Clicked on MyAccount Link.. 
2025-03-18 17:29:34 INFO  TC001_AccountRegistrationTest:24 - Clicked on Register Link.. 
2025-03-18 17:29:34 INFO  TC001_AccountRegistrationTest:28 - Providing customer details...
2025-03-18 17:29:35 INFO  TC001_AccountRegistrationTest:43 - Validating expected message..
2025-03-18 17:29:38 INFO  TC001_AccountRegistrationTest:48 - Test passed
2025-03-18 17:29:38 INFO  TC001_AccountRegistrationTest:57 - ***** Finished TC001_AccountRegistrationTest *****
2025-03-18 17:29:42 INFO  TC002_LoginTest:17 - **** Starting TC_002_LoginTest  ****
2025-03-18 17:29:42 INFO  TC002_LoginTest:24 - clicked on myaccount link on the home page..
2025-03-18 17:29:42 INFO  TC002_LoginTest:26 - clicked on login link under myaccount..
2025-03-18 17:29:42 INFO  TC002_LoginTest:30 - Entering valid email and password..
2025-03-18 17:29:43 INFO  TC002_LoginTest:34 - clicked on ligin button..
2025-03-18 17:37:07 INFO  Utils:112 - [TestNG] Running:
  C:\Users\viswa\eclipse-workspace1\OpencartV121\master.xml

2025-03-18 17:37:11 INFO  TC001_AccountRegistrationTest:15 - ***** Starting TC001_AccountRegistrationTest  ****
2025-03-18 17:37:11 INFO  TC001_AccountRegistrationTest:21 - Clicked on MyAccount Link.. 
2025-03-18 17:37:12 INFO  TC001_AccountRegistrationTest:24 - Clicked on Register Link.. 
2025-03-18 17:37:12 INFO  TC001_AccountRegistrationTest:28 - Providing customer details...
2025-03-18 17:37:15 INFO  TC001_AccountRegistrationTest:43 - Validating expected message..
2025-03-18 17:37:15 INFO  TC001_AccountRegistrationTest:48 - Test passed
2025-03-18 17:37:15 INFO  TC001_AccountRegistrationTest:57 - ***** Finished TC001_AccountRegistrationTest *****
2025-03-18 17:37:19 INFO  TC002_LoginTest:17 - **** Starting TC_002_LoginTest  ****
2025-03-18 17:37:19 INFO  TC002_LoginTest:24 - clicked on myaccount link on the home page..
2025-03-18 17:37:19 INFO  TC002_LoginTest:26 - clicked on login link under myaccount..
2025-03-18 17:37:19 INFO  TC002_LoginTest:30 - Entering valid email and password..
2025-03-18 17:37:20 INFO  TC002_LoginTest:34 - clicked on ligin button..
2025-03-18 17:40:41 INFO  Utils:112 - [TestNG] Running:
  C:\Users\viswa\eclipse-workspace1\OpencartV121\test-output\testng-failed.xml

