2025-03-21 13:09:46 INFO  Utils:112 - [TestNG] Running:
  C:\Users\viswa\eclipse-workspace1\OpencartV121\master.xml

2025-03-21 13:15:57 INFO  Utils:112 - [TestNG] Running:
  C:\Users\viswa\eclipse-workspace1\OpencartV121\master.xml

2025-03-21 13:17:01 INFO  Utils:112 - [TestNG] Running:
  C:\Users\viswa\eclipse-workspace1\OpencartV121\master.xml

2025-03-21 13:17:50 ERROR Main:165 - C:\Users\viswa\eclipse-workspace1\OpencartV121\test-output\collapseall.gif
java.nio.file.FileAlreadyExistsException: C:\Users\viswa\eclipse-workspace1\OpencartV121\test-output\collapseall.gif
	at java.base/sun.nio.fs.WindowsException.translateToIOException(WindowsException.java:87) ~[?:?]
	at java.base/sun.nio.fs.WindowsException.rethrowAsIOException(WindowsException.java:103) ~[?:?]
	at java.base/sun.nio.fs.WindowsException.rethrowAsIOException(WindowsException.java:108) ~[?:?]
	at java.base/sun.nio.fs.WindowsFileSystemProvider.newByteChannel(WindowsFileSystemProvider.java:234) ~[?:?]
	at java.base/java.nio.file.spi.FileSystemProvider.newOutputStream(FileSystemProvider.java:482) ~[?:?]
	at java.base/java.nio.file.Files.newOutputStream(Files.java:227) ~[?:?]
	at java.base/java.nio.file.Files.copy(Files.java:3140) ~[?:?]
	at org.testng.reporters.jq.Main.generateReport(Main.java:95) [testng-7.8.0.jar:7.8.0]
	at org.testng.TestNG.generateReports(TestNG.java:1158) [testng-7.8.0.jar:7.8.0]
	at org.testng.TestNG.run(TestNG.java:1087) [testng-7.8.0.jar:7.8.0]
	at org.testng.remote.AbstractRemoteTestNG.run(AbstractRemoteTestNG.java:115) [testng-remote.jar:?]
	at org.testng.remote.RemoteTestNG.initAndRun(RemoteTestNG.java:293) [testng-remote.jar:?]
	at org.testng.remote.RemoteTestNG.main(RemoteTestNG.java:91) [testng-remote.jar:?]
2025-03-21 13:29:47 INFO  Utils:112 - [TestNG] Running:
  C:\Users\viswa\eclipse-workspace1\OpencartV121\master.xml

2025-03-21 13:37:39 INFO  Utils:112 - [TestNG] Running:
  C:\Users\viswa\eclipse-workspace1\OpencartV121\master.xml

2025-03-21 13:39:03 INFO  Utils:112 - [TestNG] Running:
  C:\Users\viswa\eclipse-workspace1\OpencartV121\master.xml

2025-03-21 13:39:21 INFO  TC001_AccountRegistrationTest:15 - ***** Starting TC001_AccountRegistrationTest  ****
2025-03-21 13:39:21 INFO  TC001_AccountRegistrationTest:21 - Clicked on MyAccount Link.. 
2025-03-21 13:39:23 INFO  TC001_AccountRegistrationTest:24 - Clicked on Register Link.. 
2025-03-21 13:39:23 INFO  TC001_AccountRegistrationTest:28 - Providing customer details...
2025-03-21 13:39:28 INFO  TC001_AccountRegistrationTest:43 - Validating expected message..
2025-03-21 13:39:28 INFO  TC001_AccountRegistrationTest:48 - Test passed
2025-03-21 13:39:28 INFO  TC001_AccountRegistrationTest:57 - ***** Finished TC001_AccountRegistrationTest *****
2025-03-21 13:39:31 INFO  TC002_LoginTest:17 - **** Starting TC_002_LoginTest  ****
2025-03-21 13:39:31 INFO  TC002_LoginTest:24 - clicked on myaccount link on the home page..
2025-03-21 13:39:32 INFO  TC002_LoginTest:26 - clicked on login link under myaccount..
2025-03-21 13:39:32 INFO  TC002_LoginTest:30 - Entering valid email and password..
2025-03-21 13:39:33 INFO  TC002_LoginTest:34 - clicked on ligin button..
2025-03-21 13:39:34 INFO  TC002_LoginTest:48 - **** Finished TC_002_LoginTest  ****
2025-03-21 13:40:24 INFO  TC001_AccountRegistrationTest:15 - ***** Starting TC001_AccountRegistrationTest  ****
2025-03-21 13:40:24 INFO  TC001_AccountRegistrationTest:21 - Clicked on MyAccount Link.. 
2025-03-21 13:40:25 INFO  TC001_AccountRegistrationTest:24 - Clicked on Register Link.. 
2025-03-21 13:40:25 INFO  TC001_AccountRegistrationTest:28 - Providing customer details...
2025-03-21 13:40:29 INFO  TC001_AccountRegistrationTest:43 - Validating expected message..
2025-03-21 13:40:29 INFO  TC001_AccountRegistrationTest:48 - Test passed
2025-03-21 13:40:29 INFO  TC001_AccountRegistrationTest:57 - ***** Finished TC001_AccountRegistrationTest *****
2025-03-21 13:40:33 INFO  TC002_LoginTest:17 - **** Starting TC_002_LoginTest  ****
2025-03-21 13:40:33 INFO  TC002_LoginTest:24 - clicked on myaccount link on the home page..
2025-03-21 13:40:33 INFO  TC002_LoginTest:26 - clicked on login link under myaccount..
2025-03-21 13:40:33 INFO  TC002_LoginTest:30 - Entering valid email and password..
2025-03-21 13:40:34 INFO  TC002_LoginTest:34 - clicked on ligin button..
2025-03-21 13:40:35 INFO  TC002_LoginTest:48 - **** Finished TC_002_LoginTest  ****
2025-03-21 13:41:41 INFO  TC001_AccountRegistrationTest:15 - ***** Starting TC001_AccountRegistrationTest  ****
2025-03-21 13:41:41 INFO  TC001_AccountRegistrationTest:21 - Clicked on MyAccount Link.. 
2025-03-21 13:41:41 INFO  TC001_AccountRegistrationTest:24 - Clicked on Register Link.. 
2025-03-21 13:41:41 INFO  TC001_AccountRegistrationTest:28 - Providing customer details...
2025-03-21 13:41:45 INFO  TC001_AccountRegistrationTest:43 - Validating expected message..
2025-03-21 13:41:45 INFO  TC001_AccountRegistrationTest:48 - Test passed
