2025-03-18 15:56:07 INFO  TC002_LoginTest:30 - Entering valid email and password..
2025-03-18 15:57:05 INFO  Utils:112 - [TestNG] Running:
  C:\Users\viswa\eclipse-workspace1\OpencartV121\master.xml

2025-03-18 15:57:10 INFO  TC002_LoginTest:17 - **** Starting TC_002_LoginTest  ****
2025-03-18 15:57:11 INFO  TC002_LoginTest:24 - clicked on myaccount link on the home page..
2025-03-18 15:57:11 INFO  TC002_LoginTest:26 - clicked on login link under myaccount..
2025-03-18 15:57:11 INFO  TC002_LoginTest:30 - Entering valid email and password..
2025-03-18 15:57:33 INFO  Utils:112 - [TestNG] Running:
  C:\Users\viswa\eclipse-workspace1\OpencartV121\master.xml

2025-03-18 15:57:38 INFO  TC002_LoginTest:17 - **** Starting TC_002_LoginTest  ****
2025-03-18 15:57:38 INFO  TC002_LoginTest:24 - clicked on myaccount link on the home page..
2025-03-18 15:57:39 INFO  TC002_LoginTest:26 - clicked on login link under myaccount..
2025-03-18 15:57:39 INFO  TC002_LoginTest:30 - Entering valid email and password..
2025-03-18 15:58:28 INFO  Utils:112 - [TestNG] Running:
  C:\Users\viswa\eclipse-workspace1\OpencartV121\master.xml

2025-03-18 15:58:32 INFO  TC002_LoginTest:17 - **** Starting TC_002_LoginTest  ****
2025-03-18 15:58:33 INFO  TC002_LoginTest:24 - clicked on myaccount link on the home page..
2025-03-18 15:58:34 INFO  TC002_LoginTest:26 - clicked on login link under myaccount..
2025-03-18 15:58:34 INFO  TC002_LoginTest:30 - Entering valid email and password..
2025-03-18 15:58:34 INFO  TC002_LoginTest:34 - clicked on ligin button..
2025-03-18 15:59:16 INFO  Utils:112 - [TestNG] Running:
  C:\Users\viswa\eclipse-workspace1\OpencartV121\master.xml

2025-03-18 15:59:20 INFO  TC002_LoginTest:17 - **** Starting TC_002_LoginTest  ****
2025-03-18 15:59:21 INFO  TC002_LoginTest:24 - clicked on myaccount link on the home page..
2025-03-18 15:59:21 INFO  TC002_LoginTest:26 - clicked on login link under myaccount..
2025-03-18 15:59:21 INFO  TC002_LoginTest:30 - Entering valid email and password..
2025-03-18 15:59:23 INFO  TC002_LoginTest:34 - clicked on ligin button..
2025-03-18 16:08:02 INFO  Utils:112 - [TestNG] Running:
  C:\Users\viswa\eclipse-workspace1\OpencartV121\master.xml

2025-03-18 16:08:09 INFO  TC002_LoginTest:17 - **** Starting TC_002_LoginTest  ****
2025-03-18 16:08:09 INFO  TC002_LoginTest:24 - clicked on myaccount link on the home page..
2025-03-18 16:08:10 INFO  TC002_LoginTest:26 - clicked on login link under myaccount..
2025-03-18 16:08:10 INFO  TC002_LoginTest:30 - Entering valid email and password..
2025-03-18 16:08:11 INFO  TC002_LoginTest:34 - clicked on ligin button..
2025-03-18 16:13:21 INFO  Utils:112 - [TestNG] Running:
  C:\Users\viswa\eclipse-workspace1\OpencartV121\master.xml

2025-03-18 16:13:27 INFO  TC002_LoginTest:17 - **** Starting TC_002_LoginTest  ****
2025-03-18 16:13:27 INFO  TC002_LoginTest:24 - clicked on myaccount link on the home page..
2025-03-18 16:13:28 INFO  TC002_LoginTest:26 - clicked on login link under myaccount..
2025-03-18 16:13:28 INFO  TC002_LoginTest:30 - Entering valid email and password..
2025-03-18 16:13:28 INFO  TC002_LoginTest:34 - clicked on ligin button..
2025-03-18 16:14:57 INFO  Utils:112 - [TestNG] Running:
  C:\Users\viswa\eclipse-workspace1\OpencartV121\master.xml

2025-03-18 16:15:01 INFO  TC002_LoginTest:17 - **** Starting TC_002_LoginTest  ****
2025-03-18 16:15:02 INFO  TC002_LoginTest:24 - clicked on myaccount link on the home page..
2025-03-18 16:15:02 INFO  TC002_LoginTest:26 - clicked on login link under myaccount..
2025-03-18 16:15:02 INFO  TC002_LoginTest:30 - Entering valid email and password..
2025-03-18 16:15:03 INFO  TC002_LoginTest:34 - clicked on ligin button..
2025-03-18 16:26:43 INFO  Utils:112 - [TestNG] Running:
  C:\Users\viswa\eclipse-workspace1\OpencartV121\master.xml

2025-03-18 16:42:09 INFO  Utils:112 - [TestNG] Running:
  C:\Users\viswa\eclipse-workspace1\OpencartV121\master.xml

2025-03-18 16:44:17 INFO  Utils:112 - [TestNG] Running:
  C:\Users\viswa\eclipse-workspace1\OpencartV121\master.xml

2025-03-18 16:45:13 INFO  Utils:112 - [TestNG] Running:
  C:\Users\viswa\eclipse-workspace1\OpencartV121\master.xml

2025-03-18 16:45:51 INFO  Utils:112 - [TestNG] Running:
  C:\Users\viswa\eclipse-workspace1\OpencartV121\master.xml

2025-03-18 17:02:43 INFO  Utils:112 - [TestNG] Running:
  C:\Users\viswa\eclipse-workspace1\OpencartV121\master.xml

2025-03-18 17:03:41 INFO  Utils:112 - [TestNG] Running:
  C:\Users\viswa\eclipse-workspace1\OpencartV121\master.xml

2025-03-18 17:03:47 INFO  TC001_AccountRegistrationTest:15 - ***** Starting TC001_AccountRegistrationTest  ****
2025-03-18 17:03:48 INFO  TC001_AccountRegistrationTest:21 - Clicked on MyAccount Link.. 
2025-03-18 17:03:48 INFO  TC001_AccountRegistrationTest:24 - Clicked on Register Link.. 
2025-03-18 17:03:48 INFO  TC001_AccountRegistrationTest:28 - Providing customer details...
2025-03-18 17:03:52 INFO  TC001_AccountRegistrationTest:43 - Validating expected message..
